🚀 Cloning repo to /tmp/soul_batch_sync_work...
Executing: git clone --depth 1 https://github.com/scchin/openclaw-soul-backups.git /tmp/soul_batch_sync_work
📦 Found 48 chunks to upload.

📤 Processing batch 1 (1 to 10)
Executing: git add /tmp/soul_batch_sync_work/full_soul_20260420_175738/[SENSITIVE_TOKEN_HARD_REDACTED].bin
Executing: git add /tmp/soul_batch_sync_work/full_soul_20260420_175738/[SENSITIVE_TOKEN_HARD_REDACTED].bin
Executing: git add /tmp/soul_batch_sync_work/full_soul_20260420_175738/[SENSITIVE_TOKEN_HARD_REDACTED].bin
Executing: git add /tmp/soul_batch_sync_work/full_soul_20260420_175738/[SENSITIVE_TOKEN_HARD_REDACTED].bin
Executing: git add /tmp/soul_batch_sync_work/full_soul_20260420_175738/[SENSITIVE_TOKEN_HARD_REDACTED].bin
Executing: git add /tmp/soul_batch_sync_work/full_soul_20260420_175738/[SENSITIVE_TOKEN_HARD_REDACTED].bin
Executing: git add /tmp/soul_batch_sync_work/full_soul_20260420_175738/[SENSITIVE_TOKEN_HARD_REDACTED].bin
Executing: git add /tmp/soul_batch_sync_work/full_soul_20260420_175738/[SENSITIVE_TOKEN_HARD_REDACTED].bin
Executing: git add /tmp/soul_batch_sync_work/full_soul_20260420_175738/[SENSITIVE_TOKEN_HARD_REDACTED].bin
Executing: git add /tmp/soul_batch_sync_work/full_soul_20260420_175738/[SENSITIVE_TOKEN_HARD_REDACTED].bin
Executing: git commit -m "Upload soul backup chunks 1-10"
Executing: git push origin main
✅ Batch 1 pushed successfully.

📤 Processing batch 2 (11 to 20)
Executing: git add /tmp/soul_batch_sync_work/full_soul_20260420_175738/[SENSITIVE_TOKEN_HARD_REDACTED].bin
Executing: git add /tmp/soul_batch_sync_work/full_soul_20260420_175738/[SENSITIVE_TOKEN_HARD_REDACTED].bin
Executing: git add /tmp/soul_batch_sync_work/full_soul_20260420_175738/[SENSITIVE_TOKEN_HARD_REDACTED].bin
Executing: git add /tmp/soul_batch_sync_work/full_soul_20260420_175738/[SENSITIVE_TOKEN_HARD_REDACTED].bin
Executing: git add /tmp/soul_batch_sync_work/full_soul_20260420_175738/[SENSITIVE_TOKEN_HARD_REDACTED].bin
Executing: git add /tmp/soul_batch_sync_work/full_soul_20260420_175738/[SENSITIVE_TOKEN_HARD_REDACTED].bin
Executing: git add /tmp/soul_batch_sync_work/full_soul_20260420_175738/[SENSITIVE_TOKEN_HARD_REDACTED].bin
Executing: git add /tmp/soul_batch_sync_work/full_soul_20260420_175738/[SENSITIVE_TOKEN_HARD_REDACTED].bin
Executing: git add /tmp/soul_batch_sync_work/full_soul_20260420_175738/[SENSITIVE_TOKEN_HARD_REDACTED].bin
Executing: git add /tmp/soul_batch_sync_work/full_soul_20260420_175738/[SENSITIVE_TOKEN_HARD_REDACTED].bin
Executing: git commit -m "Upload soul backup chunks 11-20"
Executing: git push origin main
✅ Batch 2 pushed successfully.

📤 Processing batch 3 (21 to 30)
Executing: git add /tmp/soul_batch_sync_work/full_soul_20260420_175738/[SENSITIVE_TOKEN_HARD_REDACTED].bin
Executing: git add /tmp/soul_batch_sync_work/full_soul_20260420_175738/[SENSITIVE_TOKEN_HARD_REDACTED].bin
Executing: git add /tmp/soul_batch_sync_work/full_soul_20260420_175738/[SENSITIVE_TOKEN_HARD_REDACTED].bin
Executing: git add /tmp/soul_batch_sync_work/full_soul_20260420_175738/[SENSITIVE_TOKEN_HARD_REDACTED].bin
Executing: git add /tmp/soul_batch_sync_work/full_soul_20260420_175738/[SENSITIVE_TOKEN_HARD_REDACTED].bin
Executing: git add /tmp/soul_batch_sync_work/full_soul_20260420_175738/[SENSITIVE_TOKEN_HARD_REDACTED].bin
Executing: git add /tmp/soul_batch_sync_work/full_soul_20260420_175738/[SENSITIVE_TOKEN_HARD_REDACTED].bin
Executing: git add /tmp/soul_batch_sync_work/full_soul_20260420_175738/[SENSITIVE_TOKEN_HARD_REDACTED].bin
Executing: git add /tmp/soul_batch_sync_work/full_soul_20260420_175738/[SENSITIVE_TOKEN_HARD_REDACTED].bin
Executing: git add /tmp/soul_batch_sync_work/full_soul_20260420_175738/[SENSITIVE_TOKEN_HARD_REDACTED].bin
Executing: git commit -m "Upload soul backup chunks 21-30"
Executing: git push origin main
✅ Batch 3 pushed successfully.

📤 Processing batch 4 (31 to 40)
Executing: git add /tmp/soul_batch_sync_work/full_soul_20260420_175738/[SENSITIVE_TOKEN_HARD_REDACTED].bin
Executing: git add /tmp/soul_batch_sync_work/full_soul_20260420_175738/[SENSITIVE_TOKEN_HARD_REDACTED].bin
Executing: git add /tmp/soul_batch_sync_work/full_soul_20260420_175738/[SENSITIVE_TOKEN_HARD_REDACTED].bin
Executing: git add /tmp/soul_batch_sync_work/full_soul_20260420_175738/[SENSITIVE_TOKEN_HARD_REDACTED].bin
Executing: git add /tmp/soul_batch_sync_work/full_soul_20260420_175738/[SENSITIVE_TOKEN_HARD_REDACTED].bin
Executing: git add /tmp/soul_batch_sync_work/full_soul_20260420_175738/[SENSITIVE_TOKEN_HARD_REDACTED].bin
Executing: git add /tmp/soul_batch_sync_work/full_soul_20260420_175738/[SENSITIVE_TOKEN_HARD_REDACTED].bin
Executing: git add /tmp/soul_batch_sync_work/full_soul_20260420_175738/[SENSITIVE_TOKEN_HARD_REDACTED].bin
Executing: git add /tmp/soul_batch_sync_work/full_soul_20260420_175738/[SENSITIVE_TOKEN_HARD_REDACTED].bin
Executing: git add /tmp/soul_batch_sync_work/full_soul_20260420_175738/[SENSITIVE_TOKEN_HARD_REDACTED].bin
Executing: git commit -m "Upload soul backup chunks 31-40"
Executing: git push origin main
✅ Batch 4 pushed successfully.

📤 Processing batch 5 (41 to 48)
Executing: git add /tmp/soul_batch_sync_work/full_soul_20260420_175738/[SENSITIVE_TOKEN_HARD_REDACTED].bin
Executing: git add /tmp/soul_batch_sync_work/full_soul_20260420_175738/[SENSITIVE_TOKEN_HARD_REDACTED].bin
Executing: git add /tmp/soul_batch_sync_work/full_soul_20260420_175738/[SENSITIVE_TOKEN_HARD_REDACTED].bin
Executing: git add /tmp/soul_batch_sync_work/full_soul_20260420_175738/[SENSITIVE_TOKEN_HARD_REDACTED].bin
Executing: git add /tmp/soul_batch_sync_work/full_soul_20260420_175738/[SENSITIVE_TOKEN_HARD_REDACTED].bin
Executing: git add /tmp/soul_batch_sync_work/full_soul_20260420_175738/[SENSITIVE_TOKEN_HARD_REDACTED].bin
Executing: git add /tmp/soul_batch_sync_work/full_soul_20260420_175738/[SENSITIVE_TOKEN_HARD_REDACTED].bin
Executing: git add /tmp/soul_batch_sync_work/full_soul_20260420_175738/[SENSITIVE_TOKEN_HARD_REDACTED].bin
Executing: git commit -m "Upload soul backup chunks 41-48"
Executing: git push origin main
✅ Batch 5 pushed successfully.

📝 Uploading final manifest...
Executing: git add /tmp/soul_batch_sync_work/full_soul_20260420_175738/backup_manifest.json
Executing: git commit -m "Upload backup manifest and finalize snapshot"
❌ Error: 
Executing: git push origin main
✨ Full backup synchronized successfully!
