=== Skills Backup to GitHub ===
[1/5] Checking GitHub authentication...
[OK] GitHub authenticated
[2/5] Checking git remote...
[3/5] Syncing skills to backup dir...
[OK] Sync done
[4/5] Checking for changes...
[Changes]  1 file changed, 12 insertions(+)
[main 450d384] Backup: skills update (2026-03-22 12:05)
 Committer: K.Sean <KS@MOM-Living-Room.local>
Your name and email address were configured automatically based
on your username and hostname. Please check that they are accurate.
You can suppress this message by setting them explicitly. Run the
following command and follow the instructions in your editor to edit
your configuration file:

    git config --global --edit

After doing this, you may fix the identity used for this commit with:

    git commit --amend --reset-author

 1 file changed, 12 insertions(+)
 create mode 100755 skills-backup/openclaw-skills/skills-backup-github/scripts/backup-launchd.sh
[OK] Committed
[5/5] Pushing to GitHub...
To https://github.com/scchin/openclaw-workspace.git
   98c5b1e..450d384  main -> main
[OK] Backup complete!
