2026-05-01 14:12:30,643 [INFO] === Starting Workspace Cleanup Process ===
2026-05-01 14:12:30,644 [INFO] === Cleanup Process Completed ===
2026-05-01 14:21:26,822 [INFO] === Starting Workspace Cleanup Process ===
2026-05-01 14:21:26,824 [INFO] Deleting file: test_rebirth.tx
2026-05-01 14:21:26,824 [INFO] Deleting file: test_leak.txt
2026-05-01 14:21:26,825 [INFO] Deleting file: relational_test_fixed.py
2026-05-01 14:21:26,825 [INFO] Deleting file: routing_test_final.py
2026-05-01 14:21:26,826 [INFO] Deleting file: routing_test.py
2026-05-01 14:21:26,826 [INFO] Deleting file: extract_batch_4.py
2026-05-01 14:21:26,826 [INFO] Deleting file: extract_batch_5.py
2026-05-01 14:21:26,826 [INFO] Deleting file: extract_solutions.py
2026-05-01 14:21:26,826 [INFO] Deleting file: extract_batch_2.py
2026-05-01 14:21:26,826 [INFO] Deleting file: extract_batch_3.py
2026-05-01 14:21:26,827 [INFO] Deleting file: folder_report.py
2026-05-01 14:21:26,827 [INFO] Deleting file: folder_report_v2.py
2026-05-01 14:21:26,827 [INFO] Deleting file: folder_stats.py
2026-05-01 14:21:26,827 [INFO] Deleting file: report_draft.txt
2026-05-01 14:21:26,827 [INFO] Deleting file: [SENSITIVE_TOKEN_HARD_REDACTED].md
2026-05-01 14:21:26,828 [INFO] Migrating [SENSITIVE_TOKEN_HARD_REDACTED].skill to research/mempalace_fintune
2026-05-01 14:21:26,828 [INFO] Migrating google_places_parser.py to research/google-maps
2026-05-01 14:21:26,829 [INFO] === Cleanup Process Completed ===
2026-05-01 14:30:12,334 [INFO] === Starting Workspace Cleanup Process ===
2026-05-01 14:30:12,337 [INFO] === Cleanup Process Completed ===
